C51 COMPILER V9.59.0.0   L5_1_LED                                                          10/16/2018 22:27:21 PAGE 1   


C51 COMPILER V9.59.0.0, COMPILATION OF MODULE L5_1_LED
OBJECT MODULE PLACED IN .\Objects\L5.1_LED.obj
COMPILER INVOKED BY: E:\Keil_v5\C51\BIN\C51.EXE L5.1_LED.c OPTIMIZE(8,SPEED) BROWSE DEBUG OBJECTEXTEND PRINT(.\Listings\
                    -L5.1_LED.lst) TABS(2) OBJECT(.\Objects\L5.1_LED.obj)

line level    source

   1          /**************************************************************************
   2            * @brief           : C51 LED变速亮灯
   3            * @author        : fuqingchen@whut.edu.cn
   4            * @data          : 2018-10-13
   5          ***************************************************************************/
   6          
   7          #include <reg51.h>
   8          #include <intrins.h>
   9          #include <math.h>
  10          #define uchar unsigned char //刚好8位
  11          #define uint unsigned int
  12          #define N 16 //LED灯的数量
  13          #define Loop 50 //控制一次循环采样次数
  14          
  15          void delay(uint i){ //抄的课本上的
  16   1        uchar t;
  17   1        while(i--){
  18   2          for(t = 0;t<120;t++);
  19   2        }
  20   1      }
  21          
  22          /*
  23          控制开灯
  24          输入：i 时间（循环次数）；P 各个接口的状态
  25          返回灯的序号
  26          */
  27          void light(uint i,uint *P) {
  28   1        uint D[8] = {0xFE,0xFD,0xFB,0xF7,0xEF,0xDF,0xBF,0x7F};
  29   1          //每个灯的代号，用于后面的逻辑运算
  30   1        uint speed = N*pow(i*1.0/Loop,0.5); //开灯的函数(上图曲线的函数)
  31   1        //return N*pow(i*1.0/Loop,1); //这是课本例题的函数
  32   1        if (speed < 8) {
  33   2          *(P) &= D[speed]; //P0
  34   2        }else{
  35   2          *(P+1) &= D[speed - 8];  //P1
  36   2        }
  37   1      }
  38          
  39          /*
  40          控制关灯
  41          输入：i 时间（循环次数）；P 各个接口的状态；
  42          返回灯的序号
  43          */
  44          void unlight(uint i,uint *P) {
  45   1        uint D[8] = {0xFE,0xFD,0xFB,0xF7,0xEF,0xDF,0xBF,0x7F};
  46   1          //每个灯的代号，用于后面的逻辑运算
  47   1        uint speed = N*pow(i*1.0/Loop,2); //关灯的函数(上图曲线的函数)
  48   1          //return N*pow(i*1.0/Loop,1); //这是课本例题的函数
  49   1        if (speed < 8) {
  50   2          *(P) |= (~D[speed]); //P0
  51   2        }else{
  52   2          *(P+1) |= (~D[speed - 8]); //P1
  53   2        }
  54   1      }
C51 COMPILER V9.59.0.0   L5_1_LED                                                          10/16/2018 22:27:21 PAGE 2   

  55          
  56          void main(){
  57   1        uint temp[2] = {0xFE,0xFF};
  58   1        uint j = 1;
  59   1        while(1){
  60   2          P0 = temp[0];
  61   2          P1 = temp[1];
  62   2          for (; j <= Loop; j++) {
  63   3            delay(50);
  64   3            light(j,temp);
  65   3            unlight(j,temp);
  66   3            P0 = temp[0];
  67   3            P1 = temp[1];
  68   3          }
  69   2          temp[0] = 0xFE; //我不知道怎么一次给一个数组全赋值，然后就分开写了
  70   2          temp[1] = 0xFF;
  71   2          j = 1;
  72   2        }
  73   1      }


MODULE INFORMATION:   STATIC OVERLAYABLE
   CODE SIZE        =    429    ----
   CONSTANT SIZE    =     36    ----
   XDATA SIZE       =   ----    ----
   PDATA SIZE       =   ----    ----
   DATA SIZE        =   ----      52
   IDATA SIZE       =   ----    ----
   BIT SIZE         =   ----    ----
END OF MODULE INFORMATION.


C51 COMPILATION COMPLETE.  0 WARNING(S),  0 ERROR(S)
