C51 COMPILER V9.59.0.0   LATTICE                                                           11/05/2018 13:43:39 PAGE 1   


C51 COMPILER V9.59.0.0, COMPILATION OF MODULE LATTICE
OBJECT MODULE PLACED IN .\Objects\lattice.obj
COMPILER INVOKED BY: E:\Keil_v5\C51\BIN\C51.EXE lattice.c OPTIMIZE(8,SPEED) BROWSE DEBUG OBJECTEXTEND PRINT(.\Listings\l
                    -attice.lst) TABS(2) OBJECT(.\Objects\lattice.obj)

line level    source

   1          /**************************************************************************
   2          * @brief : C51 32×16点阵
   3          * @author : fuqingchen@whut.edu.cn
   4          * @data : 2018-11-4 22:18:51
   5          ***************************************************************************/
   6          #include <reg51.h>
   7          #define PinR0 P0
   8          #define PinR1 P2
   9          #define PinC  P1
  10          #define NumR  16
  11          #define NumC  16
  12          
  13          unsigned char dragon[] = {
  14            0x00,0x00,0x00,0x00,0x00,0x00,0x00,0x00,  //R0C0
  15            0x03,0x00,0x00,0x00,0x01,0x03,0x03,0x7F,  //R0C1
  16            0xFF,0xBF,0xFD,0xF5,0xF4,0xF0,0x70,0x00,  //R0C2
  17            0x00,0x00,0x00,0x00,0x00,0x00,0x00,0x00,  //R0C3
  18            0x08,0x08,0x0A,0x0A,0x0A,0x08,0x08,0x08,  //R1C0
  19            0xC8,0xE0,0x70,0x78,0xFF,0xF9,0xF8,0xFF,  //R1C1
  20            0xF1,0xE0,0x08,0x88,0x08,0x08,0x08,0x08,  //R1C2
  21            0x08,0x0A,0x0A,0x0A,0x0A,0x08,0x08,0x08   //R1C3
  22          };
  23          
  24          void delay(unsigned int t){
  25   1        unsigned char i;
  26   1        while(t--)
  27   1          {
  28   2          for(i = 0;i < 120;i++);
  29   2        }
  30   1      }
  31          
  32          void main() {
  33   1        unsigned char c_No = 0; //列序号
  34   1        unsigned char U2 = 0, U3 = 0;
  35   1        while (1) {
  36   2          for (c_No = 0; c_No < NumC; c_No++) { //两行同时扫描
  37   3            U2 = c_No % 16;
  38   3            U3 = U2 << 4;
  39   3            PinC = U2 | U3;
  40   3            PinR0 = ~dragon[c_No];
  41   3            PinR1 = ~dragon[c_No + 32];
  42   3            delay(4);
  43   3            PinR0 = 0xff;
  44   3            PinR1 = 0xff;
  45   3          }
  46   2        }
  47   1      }


MODULE INFORMATION:   STATIC OVERLAYABLE
   CODE SIZE        =     84    ----
   CONSTANT SIZE    =   ----    ----
   XDATA SIZE       =   ----    ----
   PDATA SIZE       =   ----    ----
C51 COMPILER V9.59.0.0   LATTICE                                                           11/05/2018 13:43:39 PAGE 2   

   DATA SIZE        =     64    ----
   IDATA SIZE       =   ----    ----
   BIT SIZE         =   ----    ----
END OF MODULE INFORMATION.


C51 COMPILATION COMPLETE.  0 WARNING(S),  0 ERROR(S)
