C51 COMPILER V9.59.0.0   STEPPERMOTOR                                                      11/26/2018 23:39:58 PAGE 1   


C51 COMPILER V9.59.0.0, COMPILATION OF MODULE STEPPERMOTOR
OBJECT MODULE PLACED IN .\Objects\StepperMotor.obj
COMPILER INVOKED BY: E:\Keil_v5\C51\BIN\C51.EXE StepperMotor.c OPTIMIZE(8,SPEED) BROWSE DEBUG OBJECTEXTEND PRINT(.\Listi
                    -ngs\StepperMotor.lst) TABS(2) OBJECT(.\Objects\StepperMotor.obj)

line level    source

   1          /*************************************************
   2          * @Author: fuqingchen@whut.edu.cn
   3          * @Date: 2018-11-26 20:48:54
   4          * @Description: 步进电机控制实验
   5          *************************************************/
   6          
   7          #include <reg51.h>
   8          unsigned char turn[] = { 0x01,0x03,0x02,0x06,0x04,0x0C,0x08,0x09 };
   9          unsigned int i = 0;
  10          
  11          /*************************************************
  12          * @Description: 延时函数
  13          * @Input: t:延长的时间
  14          *************************************************/
  15          void delay(unsigned int t) {
  16   1        unsigned char i;
  17   1        while (t--) {
  18   2          for (i = 0; i<120; i++);
  19   2        }
  20   1      }
  21          
  22          /*************************************************
  23          * @Description: 使步进电机正转
  24          *************************************************/
  25          void positive() interrupt 0 {
  26   1        //TODO:使步进电机正转
  27   1        i++;
  28   1        if (i>=8)
  29   1        {
  30   2          i = 0;
  31   2        }
  32   1        P0 = turn[i];
  33   1        delay(100);
  34   1        P0 = 0xff;
  35   1      }
  36          
  37          /*************************************************
  38          * @Description: 使步进电机反转
  39          *************************************************/
  40          void negitive()  interrupt 2 {
  41   1        //TODO:使步进电机反转
  42   1        i--;
  43   1        if (i <= 0)
  44   1        {
  45   2          i = 7;
  46   2        }
  47   1        P0 = turn[i];
  48   1        delay(100);
  49   1        P0 = 0xff;
  50   1      }
  51          
  52          void main() {
  53   1        EA = 1; //允许总中断
  54   1        EX0 = 1; EX1 = 1; //允许外部中断0,1
C51 COMPILER V9.59.0.0   STEPPERMOTOR                                                      11/26/2018 23:39:58 PAGE 2   

  55   1        IT0 = 0; IT1 = 0; //选择电平触发方式
  56   1        IP = 0; //低优先级
  57   1        while (1) {
  58   2          delay(100);
  59   2        }
  60   1      }


MODULE INFORMATION:   STATIC OVERLAYABLE
   CODE SIZE        =    180    ----
   CONSTANT SIZE    =   ----    ----
   XDATA SIZE       =   ----    ----
   PDATA SIZE       =   ----    ----
   DATA SIZE        =     10    ----
   IDATA SIZE       =   ----    ----
   BIT SIZE         =   ----    ----
END OF MODULE INFORMATION.


C51 COMPILATION COMPLETE.  0 WARNING(S),  0 ERROR(S)
